Copyright 1986-2018 Xilinx, Inc. All Rights Reserved.
----------------------------------------------------------------------------------------------------------------------------------------------------------------------
| Tool Version     : Vivado v.2018.3 (lin64) Build 2405991 Thu Dec  6 23:36:41 MST 2018
| Date             : Thu Jul 16 15:42:43 2020
| Host             : alex-pc running 64-bit Ubuntu 20.04 LTS
| Command          : report_power -file design_1_wrapper_power_routed.rpt -pb design_1_wrapper_power_summary_routed.pb -rpx design_1_wrapper_power_routed.rpx
| Design           : design_1_wrapper
| Device           : xczu7ev-ffvc1156-2-e
| Design State     : routed
| Grade            : extended
| Process          : typical
| Characterization : Production
----------------------------------------------------------------------------------------------------------------------------------------------------------------------

Power Report

Table of Contents
-----------------
1. Summary
1.1 On-Chip Components
1.2 Power Supply Summary
1.3 Confidence Level
2. Settings
2.1 Environment
2.2 Clock Constraints
3. Detailed Reports
3.1 By Hierarchy

1. Summary
----------

+--------------------------+--------------+
| Total On-Chip Power (W)  | 3.426        |
| Design Power Budget (W)  | Unspecified* |
| Power Budget Margin (W)  | NA           |
| Dynamic (W)              | 2.711        |
| Device Static (W)        | 0.714        |
| Effective TJA (C/W)      | 1.0          |
| Max Ambient (C)          | 96.7         |
| Junction Temperature (C) | 28.3         |
| Confidence Level         | Low          |
| Setting File             | ---          |
| Simulation Activity File | ---          |
| Design Nets Matched      | NA           |
+--------------------------+--------------+
* Specify Design Power Budget using, set_operating_conditions -design_power_budget <value in Watts>


1.1 On-Chip Components
----------------------

+--------------------------+-----------+----------+-----------+-----------------+
| On-Chip                  | Power (W) | Used     | Available | Utilization (%) |
+--------------------------+-----------+----------+-----------+-----------------+
| Clocks                   |     0.020 |        5 |       --- |             --- |
| CLB Logic                |     0.004 |    11325 |       --- |             --- |
|   LUT as Logic           |     0.002 |     3492 |    230400 |            1.52 |
|   LUT as Shift Register  |     0.001 |      425 |    101760 |            0.42 |
|   Register               |    <0.001 |     5619 |    460800 |            1.22 |
|   LUT as Distributed RAM |    <0.001 |       40 |    101760 |            0.04 |
|   CARRY8                 |    <0.001 |       72 |     28800 |            0.25 |
|   Others                 |     0.000 |      697 |       --- |             --- |
|   F7/F8 Muxes            |     0.000 |       80 |    230400 |            0.03 |
| Signals                  |     0.004 |     8166 |       --- |             --- |
| Block RAM                |     0.003 |      3.5 |       312 |            1.12 |
| I/O                      |     0.003 |        3 |       360 |            0.83 |
| PS8                      |     2.678 |        1 |       --- |             --- |
| Static Power             |     0.714 |          |           |                 |
|   PS Static              |     0.098 |          |           |                 |
|   PL Static              |     0.616 |          |           |                 |
| Total                    |     3.426 |          |           |                 |
+--------------------------+-----------+----------+-----------+-----------------+


1.2 Power Supply Summary
------------------------

+-----------------+-------------+-----------+-------------+------------+
| Source          | Voltage (V) | Total (A) | Dynamic (A) | Static (A) |
+-----------------+-------------+-----------+-------------+------------+
| Vccint          |       0.850 |     0.186 |       0.035 |      0.151 |
| Vccint_io       |       0.850 |     0.071 |       0.000 |      0.071 |
| Vccbram         |       0.850 |     0.002 |       0.000 |      0.002 |
| Vccaux          |       1.800 |     0.147 |       0.000 |      0.147 |
| Vccaux_io       |       1.800 |     0.055 |       0.000 |      0.055 |
| Vcco33          |       3.300 |     0.008 |       0.001 |      0.007 |
| Vcco25          |       2.500 |     0.000 |       0.000 |      0.000 |
| Vcco18          |       1.800 |     0.000 |       0.000 |      0.000 |
| Vcco15          |       1.500 |     0.000 |       0.000 |      0.000 |
| Vcco135         |       1.350 |     0.000 |       0.000 |      0.000 |
| Vcco12          |       1.200 |     0.000 |       0.000 |      0.000 |
| Vcco10          |       1.000 |     0.000 |       0.000 |      0.000 |
| Vccadc          |       1.800 |     0.008 |       0.000 |      0.008 |
| VCC_PSINTFP     |       0.850 |     1.064 |       1.029 |      0.034 |
| VCC_PSINTLP     |       0.850 |     0.278 |       0.271 |      0.007 |
| VPS_MGTRAVCC    |       0.850 |     0.139 |       0.138 |      0.001 |
| VCC_PSINTFP_DDR |       0.850 |     0.690 |       0.685 |      0.004 |
| VCC_PSPLL       |       1.200 |     0.075 |       0.073 |      0.002 |
| VPS_MGTRAVTT    |       1.800 |     0.034 |       0.033 |      0.001 |
| VCCO_PSDDR_504  |       1.200 |     0.620 |       0.586 |      0.034 |
| VCC_PSAUX       |       1.800 |     0.002 |       0.000 |      0.002 |
| VCC_PSBATT      |       1.200 |     0.000 |       0.000 |      0.000 |
| VCC_PSDDR_PLL   |       1.800 |     0.012 |       0.011 |      0.001 |
| VCCO_PSIO0_500  |       1.800 |     0.001 |       0.000 |      0.001 |
| VCCO_PSIO1_501  |       1.800 |     0.001 |       0.000 |      0.001 |
| VCCO_PSIO2_502  |       1.800 |     0.001 |       0.000 |      0.001 |
| VCCO_PSIO3_503  |       3.300 |     0.001 |       0.000 |      0.001 |
| VCC_PSADC       |       1.800 |     0.002 |       0.000 |      0.002 |
| VCCINT_VCU      |       0.900 |     0.027 |       0.000 |      0.027 |
| MGTAVcc         |       0.900 |     0.000 |       0.000 |      0.000 |
| MGTAVtt         |       1.200 |     0.000 |       0.000 |      0.000 |
| MGTVccaux       |       1.800 |     0.000 |       0.000 |      0.000 |
+-----------------+-------------+-----------+-------------+------------+


1.3 Confidence Level
--------------------

+-----------------------------+------------+--------------------------------------------------------+------------------------------------------------------------------------------------------------------------+
| User Input Data             | Confidence | Details                                                | Action                                                                                                     |
+-----------------------------+------------+--------------------------------------------------------+------------------------------------------------------------------------------------------------------------+
| Design implementation state | High       | Design is routed                                       |                                                                                                            |
| Clock nodes activity        | High       | User specified more than 95% of clocks                 |                                                                                                            |
| I/O nodes activity          | Low        | More than 75% of inputs are missing user specification | Provide missing input activity with simulation results or by editing the "By Resource Type -> I/Os" view   |
| Internal nodes activity     | Medium     | User specified less than 25% of internal nodes         | Provide missing internal nodes activity with simulation results or by editing the "By Resource Type" views |
| Device models               | High       | Device models are Production                           |                                                                                                            |
|                             |            |                                                        |                                                                                                            |
| Overall confidence level    | Low        |                                                        |                                                                                                            |
+-----------------------------+------------+--------------------------------------------------------+------------------------------------------------------------------------------------------------------------+


2. Settings
-----------

2.1 Environment
---------------

+-----------------------+--------------------------+
| Ambient Temp (C)      | 25.0                     |
| ThetaJA (C/W)         | 1.0                      |
| Airflow (LFM)         | 250                      |
| Heat Sink             | medium (Medium Profile)  |
| ThetaSA (C/W)         | 1.5                      |
| Board Selection       | medium (10"x10")         |
| # of Board Layers     | 12to15 (12 to 15 Layers) |
| Board Temperature (C) | 25.0                     |
+-----------------------+--------------------------+


2.2 Clock Constraints
---------------------

+-----------------------------------------------------------------------------------------------------+-------------------------------------------------------------------+-----------------+
| Clock                                                                                               | Domain                                                            | Constraint (ns) |
+-----------------------------------------------------------------------------------------------------+-------------------------------------------------------------------+-----------------+
| clk_pl_0                                                                                            | design_1_i/zynq_ultra_ps_e_0/inst/pl_clk_unbuffered[0]            |            10.0 |
| clk_pl_1                                                                                            | design_1_i/zynq_ultra_ps_e_0/inst/pl_clk1                         |            50.0 |
| dbg_hub/inst/BSCANID.u_xsdbm_id/SWITCH_N_EXT_BSCAN.bscan_inst/SERIES7_BSCAN.bscan_inst/INTERNAL_TCK | dbg_hub/inst/BSCANID.u_xsdbm_id/SWITCH_N_EXT_BSCAN.bscan_inst/in0 |            50.0 |
+-----------------------------------------------------------------------------------------------------+-------------------------------------------------------------------+-----------------+


3. Detailed Reports
-------------------

3.1 By Hierarchy
----------------

+--------------------------+-----------+
| Name                     | Power (W) |
+--------------------------+-----------+
| design_1_wrapper         |     2.711 |
|   dbg_hub                |     0.002 |
|     inst                 |     0.002 |
|       BSCANID.u_xsdbm_id |     0.002 |
|   design_1_i             |     2.706 |
|     axi_dma_0            |     0.005 |
|       U0                 |     0.005 |
|     ila_0                |     0.015 |
|       inst               |     0.015 |
|     ps8_0_axi_periph     |     0.006 |
|       s00_couplers       |     0.005 |
|       xbar               |     0.001 |
|     zynq_ultra_ps_e_0    |     2.679 |
|       inst               |     2.679 |
+--------------------------+-----------+


