Copyright 1986-2018 Xilinx, Inc. All Rights Reserved.
-----------------------------------------------------------------------------------------------------------------------------
| Tool Version : Vivado v.2018.3 (lin64) Build 2405991 Thu Dec  6 23:36:41 MST 2018
| Date         : Thu Jun 25 15:44:11 2020
| Host         : alex-pc running 64-bit Ubuntu 20.04 LTS
| Command      : report_utilization -file design_1_wrapper_utilization_placed.rpt -pb design_1_wrapper_utilization_placed.pb
| Design       : design_1_wrapper
| Device       : xczu3egsbva484-1
| Design State : Fully Placed
-----------------------------------------------------------------------------------------------------------------------------

Utilization Design Information

Table of Contents
-----------------
1. CLB Logic
1.1 Summary of Registers by Type
2. CLB Logic Distribution
3. BLOCKRAM
4. ARITHMETIC
5. I/O
6. CLOCK
7. ADVANCED
8. CONFIGURATION
9. Primitives
10. Black Boxes
11. Instantiated Netlists

1. CLB Logic
------------

+----------------------------+------+-------+-----------+-------+
|          Site Type         | Used | Fixed | Available | Util% |
+----------------------------+------+-------+-----------+-------+
| CLB LUTs                   | 3001 |     0 |     70560 |  4.25 |
|   LUT as Logic             | 2575 |     0 |     70560 |  3.65 |
|   LUT as Memory            |  426 |     0 |     28800 |  1.48 |
|     LUT as Distributed RAM |  160 |     0 |           |       |
|     LUT as Shift Register  |  266 |     0 |           |       |
| CLB Registers              | 4172 |     0 |    141120 |  2.96 |
|   Register as Flip Flop    | 4172 |     0 |    141120 |  2.96 |
|   Register as Latch        |    0 |     0 |    141120 |  0.00 |
| CARRY8                     |   62 |     0 |      8820 |  0.70 |
| F7 Muxes                   |   90 |     0 |     35280 |  0.26 |
| F8 Muxes                   |    2 |     0 |     17640 |  0.01 |
| F9 Muxes                   |    0 |     0 |      8820 |  0.00 |
+----------------------------+------+-------+-----------+-------+


1.1 Summary of Registers by Type
--------------------------------

+-------+--------------+-------------+--------------+
| Total | Clock Enable | Synchronous | Asynchronous |
+-------+--------------+-------------+--------------+
| 0     |            _ |           - |            - |
| 0     |            _ |           - |          Set |
| 0     |            _ |           - |        Reset |
| 0     |            _ |         Set |            - |
| 0     |            _ |       Reset |            - |
| 0     |          Yes |           - |            - |
| 41    |          Yes |           - |          Set |
| 171   |          Yes |           - |        Reset |
| 22    |          Yes |         Set |            - |
| 3938  |          Yes |       Reset |            - |
+-------+--------------+-------------+--------------+


2. CLB Logic Distribution
-------------------------

+--------------------------------------------+------+-------+-----------+-------+
|                  Site Type                 | Used | Fixed | Available | Util% |
+--------------------------------------------+------+-------+-----------+-------+
| CLB                                        |  771 |     0 |      8820 |  8.74 |
|   CLBL                                     |  461 |     0 |           |       |
|   CLBM                                     |  310 |     0 |           |       |
| LUT as Logic                               | 2575 |     0 |     70560 |  3.65 |
|   using O5 output only                     |   87 |       |           |       |
|   using O6 output only                     | 2157 |       |           |       |
|   using O5 and O6                          |  331 |       |           |       |
| LUT as Memory                              |  426 |     0 |     28800 |  1.48 |
|   LUT as Distributed RAM                   |  160 |     0 |           |       |
|     using O5 output only                   |    0 |       |           |       |
|     using O6 output only                   |  128 |       |           |       |
|     using O5 and O6                        |   32 |       |           |       |
|   LUT as Shift Register                    |  266 |     0 |           |       |
|     using O5 output only                   |    0 |       |           |       |
|     using O6 output only                   |   70 |       |           |       |
|     using O5 and O6                        |  196 |       |           |       |
| CLB Registers                              | 4172 |     0 |    141120 |  2.96 |
|   Register driven from within the CLB      | 2234 |       |           |       |
|   Register driven from outside the CLB     | 1938 |       |           |       |
|     LUT in front of the register is unused | 1429 |       |           |       |
|     LUT in front of the register is used   |  509 |       |           |       |
| Unique Control Sets                        |  225 |       |     17640 |  1.28 |
+--------------------------------------------+------+-------+-----------+-------+
* Note: Available Control Sets calculated as CLB Registers / 8, Review the Control Sets Report for more information regarding control sets.


3. BLOCKRAM
-----------

+-------------------+------+-------+-----------+-------+
|     Site Type     | Used | Fixed | Available | Util% |
+-------------------+------+-------+-----------+-------+
| Block RAM Tile    | 31.5 |     0 |       216 | 14.58 |
|   RAMB36/FIFO*    |   31 |     0 |       216 | 14.35 |
|     RAMB36E2 only |   31 |       |           |       |
|   RAMB18          |    1 |     0 |       432 |  0.23 |
|     RAMB18E2 only |    1 |       |           |       |
+-------------------+------+-------+-----------+-------+
* Note: Each Block RAM Tile only has one FIFO logic available and therefore can accommodate only one FIFO36E2 or one FIFO18E2. However, if a FIFO18E2 occupies a Block RAM Tile, that tile can still accommodate a RAMB18E2


4. ARITHMETIC
-------------

+-----------+------+-------+-----------+-------+
| Site Type | Used | Fixed | Available | Util% |
+-----------+------+-------+-----------+-------+
| DSPs      |    0 |     0 |       360 |  0.00 |
+-----------+------+-------+-----------+-------+


5. I/O
------

+------------------+------+-------+-----------+-------+
|     Site Type    | Used | Fixed | Available | Util% |
+------------------+------+-------+-----------+-------+
| Bonded IOB       |    3 |     3 |        82 |  3.66 |
| HPIOB_M          |    0 |     0 |        26 |  0.00 |
| HPIOB_S          |    0 |     0 |        26 |  0.00 |
| HDIOB_M          |    1 |     1 |        12 |  8.33 |
|   INPUT          |    1 |       |           |       |
|   OUTPUT         |    0 |       |           |       |
|   BIDIR          |    0 |       |           |       |
| HDIOB_S          |    2 |     2 |        12 | 16.67 |
|   INPUT          |    0 |       |           |       |
|   OUTPUT         |    2 |       |           |       |
|   BIDIR          |    0 |       |           |       |
| HPIOB_SNGL       |    0 |     0 |         6 |  0.00 |
| HPIOBDIFFINBUF   |    0 |     0 |        72 |  0.00 |
| HPIOBDIFFOUTBUF  |    0 |     0 |        72 |  0.00 |
| HDIOBDIFFINBUF   |    0 |     0 |        48 |  0.00 |
| BITSLICE_CONTROL |    0 |     0 |        24 |  0.00 |
| BITSLICE_RX_TX   |    0 |     0 |       156 |  0.00 |
| BITSLICE_TX      |    0 |     0 |        24 |  0.00 |
| RIU_OR           |    0 |     0 |        12 |  0.00 |
+------------------+------+-------+-----------+-------+


6. CLOCK
--------

+----------------------+------+-------+-----------+-------+
|       Site Type      | Used | Fixed | Available | Util% |
+----------------------+------+-------+-----------+-------+
| GLOBAL CLOCK BUFFERs |    2 |     0 |       196 |  1.02 |
|   BUFGCE             |    1 |     0 |        88 |  1.14 |
|   BUFGCE_DIV         |    0 |     0 |        12 |  0.00 |
|   BUFG_PS            |    1 |     0 |        72 |  1.39 |
|   BUFGCTRL*          |    0 |     0 |        24 |  0.00 |
| PLL                  |    0 |     0 |         6 |  0.00 |
| MMCM                 |    0 |     0 |         3 |  0.00 |
+----------------------+------+-------+-----------+-------+
* Note: Each used BUFGCTRL counts as two global buffer resources. This table does not include global clocking resources, only buffer cell usage. See the Clock Utilization Report (report_clock_utilization) for detailed accounting of global clocking resource availability.


7. ADVANCED
-----------

+-----------+------+-------+-----------+--------+
| Site Type | Used | Fixed | Available |  Util% |
+-----------+------+-------+-----------+--------+
| PS8       |    1 |     0 |         1 | 100.00 |
| SYSMONE4  |    0 |     0 |         1 |   0.00 |
+-----------+------+-------+-----------+--------+


8. CONFIGURATION
----------------

+-------------+------+-------+-----------+-------+
|  Site Type  | Used | Fixed | Available | Util% |
+-------------+------+-------+-----------+-------+
| BSCANE2     |    1 |     0 |         4 | 25.00 |
| DNA_PORTE2  |    0 |     0 |         1 |  0.00 |
| EFUSE_USR   |    0 |     0 |         1 |  0.00 |
| FRAME_ECCE4 |    0 |     0 |         1 |  0.00 |
| ICAPE3      |    0 |     0 |         2 |  0.00 |
| MASTER_JTAG |    0 |     0 |         1 |  0.00 |
| STARTUPE3   |    0 |     0 |         1 |  0.00 |
+-------------+------+-------+-----------+-------+


9. Primitives
-------------

+----------+------+---------------------+
| Ref Name | Used | Functional Category |
+----------+------+---------------------+
| FDRE     | 3938 |            Register |
| LUT6     | 1347 |                 CLB |
| LUT4     |  597 |                 CLB |
| LUT3     |  334 |                 CLB |
| LUT5     |  333 |                 CLB |
| SRL16E   |  241 |                 CLB |
| LUT2     |  221 |                 CLB |
| SRLC32E  |  219 |                 CLB |
| FDCE     |  171 |            Register |
| RAMD64E  |  128 |                 CLB |
| MUXF7    |   90 |                 CLB |
| LUT1     |   74 |                 CLB |
| CARRY8   |   62 |                 CLB |
| RAMD32   |   56 |                 CLB |
| FDPE     |   41 |            Register |
| RAMB36E2 |   31 |           Block Ram |
| FDSE     |   22 |            Register |
| RAMS32   |    8 |                 CLB |
| SRLC16E  |    2 |                 CLB |
| OBUF     |    2 |                 I/O |
| MUXF8    |    2 |                 CLB |
| RAMB18E2 |    1 |           Block Ram |
| PS8      |    1 |            Advanced |
| INBUF    |    1 |                 I/O |
| IBUFCTRL |    1 |              Others |
| BUFG_PS  |    1 |               Clock |
| BUFGCE   |    1 |               Clock |
| BSCANE2  |    1 |       Configuration |
+----------+------+---------------------+


10. Black Boxes
---------------

+----------+------+
| Ref Name | Used |
+----------+------+


11. Instantiated Netlists
-------------------------

+------------------------------+------+
|           Ref Name           | Used |
+------------------------------+------+
| design_1_zynq_ultra_ps_e_0_0 |    1 |
| design_1_spi_master_0_0      |    1 |
| design_1_ila_0_0             |    1 |
| dbg_hub                      |    1 |
+------------------------------+------+


